<?xml version="1.0" encoding="UTF-8"?>
<testsuite name="com.iobuilders.bankapi.BankapiApplicationTests" tests="1" skipped="0" failures="0" errors="0" timestamp="2022-05-08T20:13:12" hostname="SCMADLL026" time="0.118">
  <properties/>
  <testcase name="contextLoads()" classname="com.iobuilders.bankapi.BankapiApplicationTests" time="0.118"/>
  <system-out><![CDATA[22:13:08.036 [Test worker] DEBUG org.springframework.test.context.BootstrapUtils - Instantiating CacheAwareContextLoaderDelegate from class [org.springframework.test.context.cache.DefaultCacheAwareContextLoaderDelegate]
22:13:08.047 [Test worker] DEBUG org.springframework.test.context.BootstrapUtils - Instantiating BootstrapContext using constructor [public org.springframework.test.context.support.DefaultBootstrapContext(java.lang.Class,org.springframework.test.context.CacheAwareContextLoaderDelegate)]
22:13:08.101 [Test worker] DEBUG org.springframework.test.context.BootstrapUtils - Instantiating TestContextBootstrapper for test class [com.iobuilders.bankapi.BankapiApplicationTests] from class [org.springframework.boot.test.context.SpringBootTestContextBootstrapper]
22:13:08.117 [Test worker] INFO org.springframework.boot.test.context.SpringBootTestContextBootstrapper - Neither @ContextConfiguration nor @ContextHierarchy found for test class [com.iobuilders.bankapi.BankapiApplicationTests], using SpringBootContextLoader
22:13:08.122 [Test worker] DEBUG org.springframework.test.context.support.AbstractContextLoader - Did not detect default resource location for test class [com.iobuilders.bankapi.BankapiApplicationTests]: class path resource [com/iobuilders/bankapi/BankapiApplicationTests-context.xml] does not exist
22:13:08.123 [Test worker] DEBUG org.springframework.test.context.support.AbstractContextLoader - Did not detect default resource location for test class [com.iobuilders.bankapi.BankapiApplicationTests]: class path resource [com/iobuilders/bankapi/BankapiApplicationTestsContext.groovy] does not exist
22:13:08.124 [Test worker] INFO org.springframework.test.context.support.AbstractContextLoader - Could not detect default resource locations for test class [com.iobuilders.bankapi.BankapiApplicationTests]: no resource found for suffixes {-context.xml, Context.groovy}.
22:13:08.125 [Test worker] INFO org.springframework.test.context.support.AnnotationConfigContextLoaderUtils - Could not detect default configuration classes for test class [com.iobuilders.bankapi.BankapiApplicationTests]: BankapiApplicationTests does not declare any static, non-private, non-final, nested classes annotated with @Configuration.
22:13:08.180 [Test worker] DEBUG org.springframework.test.context.support.ActiveProfilesUtils - Could not find an 'annotation declaring class' for annotation type [org.springframework.test.context.ActiveProfiles] and class [com.iobuilders.bankapi.BankapiApplicationTests]
22:13:08.277 [Test worker] DEBUG org.springframework.context.annotation.ClassPathScanningCandidateComponentProvider - Identified candidate component class: file [/home/jsaorin/Escritorio/bankapi/build/classes/java/main/com/iobuilders/bankapi/BankapiApplication.class]
22:13:08.279 [Test worker] INFO org.springframework.boot.test.context.SpringBootTestContextBootstrapper - Found @SpringBootConfiguration com.iobuilders.bankapi.BankapiApplication for test class com.iobuilders.bankapi.BankapiApplicationTests
22:13:08.386 [Test worker] DEBUG org.springframework.boot.test.context.SpringBootTestContextBootstrapper - @TestExecutionListeners is not present for class [com.iobuilders.bankapi.BankapiApplicationTests]: using defaults.
22:13:08.386 [Test worker] INFO org.springframework.boot.test.context.SpringBootTestContextBootstrapper - Loaded default TestExecutionListener class names from location [META-INF/spring.factories]: [org.springframework.boot.test.autoconfigure.restdocs.RestDocsTestExecutionListener, org.springframework.boot.test.autoconfigure.web.client.MockRestServiceServerResetTestExecutionListener, org.springframework.boot.test.autoconfigure.web.servlet.MockMvcPrintOnlyOnFailureTestExecutionListener, org.springframework.boot.test.autoconfigure.web.servlet.WebDriverTestExecutionListener, org.springframework.boot.test.autoconfigure.webservices.client.MockWebServiceServerTestExecutionListener, org.springframework.boot.test.mock.mockito.MockitoTestExecutionListener, org.springframework.boot.test.mock.mockito.ResetMocksTestExecutionListener, org.springframework.test.context.web.ServletTestExecutionListener, org.springframework.test.context.support.DirtiesContextBeforeModesTestExecutionListener, org.springframework.test.context.event.ApplicationEventsTestExecutionListener, org.springframework.test.context.support.DependencyInjectionTestExecutionListener, org.springframework.test.context.support.DirtiesContextTestExecutionListener, org.springframework.test.context.transaction.TransactionalTestExecutionListener, org.springframework.test.context.jdbc.SqlScriptsTestExecutionListener, org.springframework.test.context.event.EventPublishingTestExecutionListener]
22:13:08.401 [Test worker] INFO org.springframework.boot.test.context.SpringBootTestContextBootstrapper - Using TestExecutionListeners: [org.springframework.test.context.web.ServletTestExecutionListener@78fb9a67, org.springframework.test.context.support.DirtiesContextBeforeModesTestExecutionListener@73ff4fae, org.springframework.test.context.event.ApplicationEventsTestExecutionListener@21aa6d6c, org.springframework.boot.test.mock.mockito.MockitoTestExecutionListener@b968a76, org.springframework.boot.test.autoconfigure.SpringBootDependencyInjectionTestExecutionListener@2f9a01c1, org.springframework.test.context.support.DirtiesContextTestExecutionListener@2611b9a3, org.springframework.test.context.transaction.TransactionalTestExecutionListener@54227100, org.springframework.test.context.jdbc.SqlScriptsTestExecutionListener@6b5894c8, org.springframework.test.context.event.EventPublishingTestExecutionListener@1433046b, org.springframework.boot.test.autoconfigure.restdocs.RestDocsTestExecutionListener@3f446bef, org.springframework.boot.test.autoconfigure.web.client.MockRestServiceServerResetTestExecutionListener@7829b776, org.springframework.boot.test.autoconfigure.web.servlet.MockMvcPrintOnlyOnFailureTestExecutionListener@5778826f, org.springframework.boot.test.autoconfigure.web.servlet.WebDriverTestExecutionListener@5b64c4b7, org.springframework.boot.test.autoconfigure.webservices.client.MockWebServiceServerTestExecutionListener@4763c727, org.springframework.boot.test.mock.mockito.ResetMocksTestExecutionListener@72445aba]
22:13:08.404 [Test worker] DEBUG org.springframework.test.context.support.AbstractDirtiesContextTestExecutionListener - Before test class: context [DefaultTestContext@6d24ffa1 testClass = BankapiApplicationTests, testInstance = [null], testMethod = [null], testException = [null], mergedContextConfiguration = [WebMergedContextConfiguration@65a4798f testClass = BankapiApplicationTests, locations = '{}', classes = '{class com.iobuilders.bankapi.BankapiApplication}', contextInitializerClasses = '[]', activeProfiles = '{}', propertySourceLocations = '{}', propertySourceProperties = '{org.springframework.boot.test.context.SpringBootTestContextBootstrapper=true}', contextCustomizers = set[org.springframework.boot.test.autoconfigure.actuate.metrics.MetricsExportContextCustomizerFactory$DisableMetricExportContextCustomizer@a3d9978, org.springframework.boot.test.autoconfigure.properties.PropertyMappingContextCustomizer@0, org.springframework.boot.test.autoconfigure.web.servlet.WebDriverContextCustomizerFactory$Customizer@4f5991f6, org.springframework.boot.test.context.filter.ExcludeFilterContextCustomizer@2c07545f, org.springframework.boot.test.json.DuplicateJsonObjectContextCustomizerFactory$DuplicateJsonObjectContextCustomizer@22f31dec, org.springframework.boot.test.mock.mockito.MockitoContextCustomizer@0, org.springframework.boot.test.web.client.TestRestTemplateContextCustomizer@49964d75, org.springframework.boot.test.context.SpringBootTestArgs@1, org.springframework.boot.test.context.SpringBootTestWebEnvironment@37858383], resourceBasePath = 'src/main/webapp', contextLoader = 'org.springframework.boot.test.context.SpringBootContextLoader', parent = [null]], attributes = map['org.springframework.test.context.web.ServletTestExecutionListener.activateListener' -> true]], class annotated with @DirtiesContext [false] with mode [null].

  .   ____          _            __ _ _
 /\\ / ___'_ __ _ _(_)_ __  __ _ \ \ \ \
( ( )\___ | '_ | '_| | '_ \/ _` | \ \ \ \
 \\/  ___)| |_)| | | | | || (_| |  ) ) ) )
  '  |____| .__|_| |_|_| |_\__, | / / / /
 =========|_|==============|___/=/_/_/_/
?[32m :: Spring Boot :: ?[39m              ?[2m (v2.6.7)?[0;39m

?[2m2022-05-08 22:13:08.998?[0;39m ?[32m INFO?[0;39m ?[35m1210794?[0;39m ?[2m---?[0;39m ?[2m[    Test worker]?[0;39m ?[36mc.i.bankapi.BankapiApplicationTests     ?[0;39m ?[2m:?[0;39m Starting BankapiApplicationTests using Java 17.0.1 on SCMADLL026 with PID 1210794 (started by jsaorin in /home/jsaorin/Escritorio/bankapi)
?[2m2022-05-08 22:13:09.000?[0;39m ?[32m INFO?[0;39m ?[35m1210794?[0;39m ?[2m---?[0;39m ?[2m[    Test worker]?[0;39m ?[36mc.i.bankapi.BankapiApplicationTests     ?[0;39m ?[2m:?[0;39m No active profile set, falling back to 1 default profile: "default"
?[2m2022-05-08 22:13:09.781?[0;39m ?[32m INFO?[0;39m ?[35m1210794?[0;39m ?[2m---?[0;39m ?[2m[    Test worker]?[0;39m ?[36m.s.d.r.c.RepositoryConfigurationDelegate?[0;39m ?[2m:?[0;39m Bootstrapping Spring Data JPA repositories in DEFAULT mode.
?[2m2022-05-08 22:13:09.846?[0;39m ?[32m INFO?[0;39m ?[35m1210794?[0;39m ?[2m---?[0;39m ?[2m[    Test worker]?[0;39m ?[36m.s.d.r.c.RepositoryConfigurationDelegate?[0;39m ?[2m:?[0;39m Finished Spring Data repository scanning in 57 ms. Found 3 JPA repository interfaces.
?[2m2022-05-08 22:13:10.425?[0;39m ?[32m INFO?[0;39m ?[35m1210794?[0;39m ?[2m---?[0;39m ?[2m[    Test worker]?[0;39m ?[36mo.hibernate.jpa.internal.util.LogHelper ?[0;39m ?[2m:?[0;39m HHH000204: Processing PersistenceUnitInfo [name: default]
?[2m2022-05-08 22:13:10.485?[0;39m ?[32m INFO?[0;39m ?[35m1210794?[0;39m ?[2m---?[0;39m ?[2m[    Test worker]?[0;39m ?[36morg.hibernate.Version                   ?[0;39m ?[2m:?[0;39m HHH000412: Hibernate ORM core version 5.6.8.Final
?[2m2022-05-08 22:13:10.661?[0;39m ?[32m INFO?[0;39m ?[35m1210794?[0;39m ?[2m---?[0;39m ?[2m[    Test worker]?[0;39m ?[36mo.hibernate.annotations.common.Version  ?[0;39m ?[2m:?[0;39m HCANN000001: Hibernate Commons Annotations {5.1.2.Final}
?[2m2022-05-08 22:13:10.762?[0;39m ?[32m INFO?[0;39m ?[35m1210794?[0;39m ?[2m---?[0;39m ?[2m[    Test worker]?[0;39m ?[36mcom.zaxxer.hikari.HikariDataSource      ?[0;39m ?[2m:?[0;39m HikariPool-1 - Starting...
?[2m2022-05-08 22:13:10.922?[0;39m ?[32m INFO?[0;39m ?[35m1210794?[0;39m ?[2m---?[0;39m ?[2m[    Test worker]?[0;39m ?[36mcom.zaxxer.hikari.HikariDataSource      ?[0;39m ?[2m:?[0;39m HikariPool-1 - Start completed.
?[2m2022-05-08 22:13:10.937?[0;39m ?[32m INFO?[0;39m ?[35m1210794?[0;39m ?[2m---?[0;39m ?[2m[    Test worker]?[0;39m ?[36morg.hibernate.dialect.Dialect           ?[0;39m ?[2m:?[0;39m HHH000400: Using dialect: org.hibernate.dialect.H2Dialect
Hibernate: create table transactions (id integer not null, wallet varchar(255) not null, amount decimal(19,2), destination_wallet varchar(255), origin_wallet varchar(255), primary key (id, wallet))
Hibernate: create table users (dni varchar(255) not null, name varchar(255), password varchar(255), surnames varchar(255), user varchar(255), wallet varchar(255), primary key (dni))
Hibernate: create table wallets (address varchar(255) not null, balance decimal(19,2), primary key (address))
Hibernate: alter table transactions add constraint FKj1ekc9vewq8ogvvasmhmp8egl foreign key (wallet) references wallets
Hibernate: alter table users add constraint FKct3gkv4sb9xme1bkb7bqheeph foreign key (wallet) references wallets
?[2m2022-05-08 22:13:11.542?[0;39m ?[32m INFO?[0;39m ?[35m1210794?[0;39m ?[2m---?[0;39m ?[2m[    Test worker]?[0;39m ?[36mo.h.e.t.j.p.i.JtaPlatformInitiator      ?[0;39m ?[2m:?[0;39m HHH000490: Using JtaPlatform implementation: [org.hibernate.engine.transaction.jta.platform.internal.NoJtaPlatform]
?[2m2022-05-08 22:13:11.547?[0;39m ?[32m INFO?[0;39m ?[35m1210794?[0;39m ?[2m---?[0;39m ?[2m[    Test worker]?[0;39m ?[36mj.LocalContainerEntityManagerFactoryBean?[0;39m ?[2m:?[0;39m Initialized JPA EntityManagerFactory for persistence unit 'default'
?[2m2022-05-08 22:13:12.173?[0;39m ?[33m WARN?[0;39m ?[35m1210794?[0;39m ?[2m---?[0;39m ?[2m[    Test worker]?[0;39m ?[36mJpaBaseConfiguration$JpaWebConfiguration?[0;39m ?[2m:?[0;39m spring.jpa.open-in-view is enabled by default. Therefore, database queries may be performed during view rendering. Explicitly configure spring.jpa.open-in-view to disable this warning
?[2m2022-05-08 22:13:12.541?[0;39m ?[32m INFO?[0;39m ?[35m1210794?[0;39m ?[2m---?[0;39m ?[2m[    Test worker]?[0;39m ?[36mo.s.b.a.h2.H2ConsoleAutoConfiguration   ?[0;39m ?[2m:?[0;39m H2 console available at '/h2-console'. Database available at 'jdbc:h2:mem:testdb'
?[2m2022-05-08 22:13:12.872?[0;39m ?[32m INFO?[0;39m ?[35m1210794?[0;39m ?[2m---?[0;39m ?[2m[    Test worker]?[0;39m ?[36mc.i.bankapi.BankapiApplicationTests     ?[0;39m ?[2m:?[0;39m Started BankapiApplicationTests in 4.416 seconds (JVM running for 5.956)
]]></system-out>
  <system-err><![CDATA[]]></system-err>
</testsuite>
