<?xml version="1.0" encoding="UTF-8"?>
<testsuite name="com.iobuilders.bankapi.application.UserControllerTest" tests="1" skipped="0" failures="0" errors="0" timestamp="2022-05-08T20:13:13" hostname="SCMADLL026" time="0.023">
  <properties/>
  <testcase name="createUserTest()" classname="com.iobuilders.bankapi.application.UserControllerTest" time="0.023"/>
  <system-out><![CDATA[?[2m2022-05-08 22:13:13.008?[0;39m ?[32m INFO?[0;39m ?[35m1210794?[0;39m ?[2m---?[0;39m ?[2m[    Test worker]?[0;39m ?[36m.b.t.c.SpringBootTestContextBootstrapper?[0;39m ?[2m:?[0;39m Neither @ContextConfiguration nor @ContextHierarchy found for test class [com.iobuilders.bankapi.application.UserControllerTest], using SpringBootContextLoader
?[2m2022-05-08 22:13:13.009?[0;39m ?[32m INFO?[0;39m ?[35m1210794?[0;39m ?[2m---?[0;39m ?[2m[    Test worker]?[0;39m ?[36mo.s.t.c.support.AbstractContextLoader   ?[0;39m ?[2m:?[0;39m Could not detect default resource locations for test class [com.iobuilders.bankapi.application.UserControllerTest]: no resource found for suffixes {-context.xml, Context.groovy}.
?[2m2022-05-08 22:13:13.009?[0;39m ?[32m INFO?[0;39m ?[35m1210794?[0;39m ?[2m---?[0;39m ?[2m[    Test worker]?[0;39m ?[36mt.c.s.AnnotationConfigContextLoaderUtils?[0;39m ?[2m:?[0;39m Could not detect default configuration classes for test class [com.iobuilders.bankapi.application.UserControllerTest]: UserControllerTest does not declare any static, non-private, non-final, nested classes annotated with @Configuration.
?[2m2022-05-08 22:13:13.014?[0;39m ?[32m INFO?[0;39m ?[35m1210794?[0;39m ?[2m---?[0;39m ?[2m[    Test worker]?[0;39m ?[36m.b.t.c.SpringBootTestContextBootstrapper?[0;39m ?[2m:?[0;39m Found @SpringBootConfiguration com.iobuilders.bankapi.BankapiApplication for test class com.iobuilders.bankapi.application.UserControllerTest
?[2m2022-05-08 22:13:13.016?[0;39m ?[32m INFO?[0;39m ?[35m1210794?[0;39m ?[2m---?[0;39m ?[2m[    Test worker]?[0;39m ?[36m.b.t.c.SpringBootTestContextBootstrapper?[0;39m ?[2m:?[0;39m Loaded default TestExecutionListener class names from location [META-INF/spring.factories]: [org.springframework.boot.test.autoconfigure.restdocs.RestDocsTestExecutionListener, org.springframework.boot.test.autoconfigure.web.client.MockRestServiceServerResetTestExecutionListener, org.springframework.boot.test.autoconfigure.web.servlet.MockMvcPrintOnlyOnFailureTestExecutionListener, org.springframework.boot.test.autoconfigure.web.servlet.WebDriverTestExecutionListener, org.springframework.boot.test.autoconfigure.webservices.client.MockWebServiceServerTestExecutionListener, org.springframework.boot.test.mock.mockito.MockitoTestExecutionListener, org.springframework.boot.test.mock.mockito.ResetMocksTestExecutionListener, org.springframework.test.context.web.ServletTestExecutionListener, org.springframework.test.context.support.DirtiesContextBeforeModesTestExecutionListener, org.springframework.test.context.event.ApplicationEventsTestExecutionListener, org.springframework.test.context.support.DependencyInjectionTestExecutionListener, org.springframework.test.context.support.DirtiesContextTestExecutionListener, org.springframework.test.context.transaction.TransactionalTestExecutionListener, org.springframework.test.context.jdbc.SqlScriptsTestExecutionListener, org.springframework.test.context.event.EventPublishingTestExecutionListener]
?[2m2022-05-08 22:13:13.016?[0;39m ?[32m INFO?[0;39m ?[35m1210794?[0;39m ?[2m---?[0;39m ?[2m[    Test worker]?[0;39m ?[36m.b.t.c.SpringBootTestContextBootstrapper?[0;39m ?[2m:?[0;39m Using TestExecutionListeners: [org.springframework.test.context.web.ServletTestExecutionListener@3c98eaa9, org.springframework.test.context.support.DirtiesContextBeforeModesTestExecutionListener@2d91147b, org.springframework.test.context.event.ApplicationEventsTestExecutionListener@1930e8ef, org.springframework.boot.test.mock.mockito.MockitoTestExecutionListener@1299fed3, org.springframework.boot.test.autoconfigure.SpringBootDependencyInjectionTestExecutionListener@69af938b, org.springframework.test.context.support.DirtiesContextTestExecutionListener@4cb87009, org.springframework.test.context.transaction.TransactionalTestExecutionListener@52518ee1, org.springframework.test.context.jdbc.SqlScriptsTestExecutionListener@fe38d1e, org.springframework.test.context.event.EventPublishingTestExecutionListener@1a4564a2, org.springframework.boot.test.autoconfigure.restdocs.RestDocsTestExecutionListener@157267db, org.springframework.boot.test.autoconfigure.web.client.MockRestServiceServerResetTestExecutionListener@4b8ac512, org.springframework.boot.test.autoconfigure.web.servlet.MockMvcPrintOnlyOnFailureTestExecutionListener@58922a00, org.springframework.boot.test.autoconfigure.web.servlet.WebDriverTestExecutionListener@69c335c4, org.springframework.boot.test.autoconfigure.webservices.client.MockWebServiceServerTestExecutionListener@6f09cb98, org.springframework.boot.test.mock.mockito.ResetMocksTestExecutionListener@7236213e]

  .   ____          _            __ _ _
 /\\ / ___'_ __ _ _(_)_ __  __ _ \ \ \ \
( ( )\___ | '_ | '_| | '_ \/ _` | \ \ \ \
 \\/  ___)| |_)| | | | | || (_| |  ) ) ) )
  '  |____| .__|_| |_|_| |_\__, | / / / /
 =========|_|==============|___/=/_/_/_/
?[32m :: Spring Boot :: ?[39m              ?[2m (v2.6.7)?[0;39m

?[2m2022-05-08 22:13:13.033?[0;39m ?[32m INFO?[0;39m ?[35m1210794?[0;39m ?[2m---?[0;39m ?[2m[    Test worker]?[0;39m ?[36mc.i.b.application.UserControllerTest    ?[0;39m ?[2m:?[0;39m Starting UserControllerTest using Java 17.0.1 on SCMADLL026 with PID 1210794 (started by jsaorin in /home/jsaorin/Escritorio/bankapi)
?[2m2022-05-08 22:13:13.033?[0;39m ?[32m INFO?[0;39m ?[35m1210794?[0;39m ?[2m---?[0;39m ?[2m[    Test worker]?[0;39m ?[36mc.i.b.application.UserControllerTest    ?[0;39m ?[2m:?[0;39m No active profile set, falling back to 1 default profile: "default"
?[2m2022-05-08 22:13:13.131?[0;39m ?[32m INFO?[0;39m ?[35m1210794?[0;39m ?[2m---?[0;39m ?[2m[    Test worker]?[0;39m ?[36m.s.d.r.c.RepositoryConfigurationDelegate?[0;39m ?[2m:?[0;39m Bootstrapping Spring Data JPA repositories in DEFAULT mode.
?[2m2022-05-08 22:13:13.140?[0;39m ?[32m INFO?[0;39m ?[35m1210794?[0;39m ?[2m---?[0;39m ?[2m[    Test worker]?[0;39m ?[36m.s.d.r.c.RepositoryConfigurationDelegate?[0;39m ?[2m:?[0;39m Finished Spring Data repository scanning in 8 ms. Found 3 JPA repository interfaces.
?[2m2022-05-08 22:13:13.263?[0;39m ?[32m INFO?[0;39m ?[35m1210794?[0;39m ?[2m---?[0;39m ?[2m[    Test worker]?[0;39m ?[36mo.hibernate.jpa.internal.util.LogHelper ?[0;39m ?[2m:?[0;39m HHH000204: Processing PersistenceUnitInfo [name: default]
?[2m2022-05-08 22:13:13.266?[0;39m ?[32m INFO?[0;39m ?[35m1210794?[0;39m ?[2m---?[0;39m ?[2m[    Test worker]?[0;39m ?[36mcom.zaxxer.hikari.HikariDataSource      ?[0;39m ?[2m:?[0;39m HikariPool-2 - Starting...
?[2m2022-05-08 22:13:13.267?[0;39m ?[32m INFO?[0;39m ?[35m1210794?[0;39m ?[2m---?[0;39m ?[2m[    Test worker]?[0;39m ?[36mcom.zaxxer.hikari.HikariDataSource      ?[0;39m ?[2m:?[0;39m HikariPool-2 - Start completed.
?[2m2022-05-08 22:13:13.267?[0;39m ?[32m INFO?[0;39m ?[35m1210794?[0;39m ?[2m---?[0;39m ?[2m[    Test worker]?[0;39m ?[36morg.hibernate.dialect.Dialect           ?[0;39m ?[2m:?[0;39m HHH000400: Using dialect: org.hibernate.dialect.H2Dialect
?[2m2022-05-08 22:13:13.327?[0;39m ?[32m INFO?[0;39m ?[35m1210794?[0;39m ?[2m---?[0;39m ?[2m[    Test worker]?[0;39m ?[36mo.h.e.t.j.p.i.JtaPlatformInitiator      ?[0;39m ?[2m:?[0;39m HHH000490: Using JtaPlatform implementation: [org.hibernate.engine.transaction.jta.platform.internal.NoJtaPlatform]
?[2m2022-05-08 22:13:13.327?[0;39m ?[32m INFO?[0;39m ?[35m1210794?[0;39m ?[2m---?[0;39m ?[2m[    Test worker]?[0;39m ?[36mj.LocalContainerEntityManagerFactoryBean?[0;39m ?[2m:?[0;39m Initialized JPA EntityManagerFactory for persistence unit 'default'
?[2m2022-05-08 22:13:13.502?[0;39m ?[33m WARN?[0;39m ?[35m1210794?[0;39m ?[2m---?[0;39m ?[2m[    Test worker]?[0;39m ?[36mJpaBaseConfiguration$JpaWebConfiguration?[0;39m ?[2m:?[0;39m spring.jpa.open-in-view is enabled by default. Therefore, database queries may be performed during view rendering. Explicitly configure spring.jpa.open-in-view to disable this warning
?[2m2022-05-08 22:13:13.628?[0;39m ?[32m INFO?[0;39m ?[35m1210794?[0;39m ?[2m---?[0;39m ?[2m[    Test worker]?[0;39m ?[36mo.s.b.a.h2.H2ConsoleAutoConfiguration   ?[0;39m ?[2m:?[0;39m H2 console available at '/h2-console'. Database available at 'jdbc:h2:mem:testdb'
?[2m2022-05-08 22:13:13.794?[0;39m ?[32m INFO?[0;39m ?[35m1210794?[0;39m ?[2m---?[0;39m ?[2m[    Test worker]?[0;39m ?[36mc.i.b.application.UserControllerTest    ?[0;39m ?[2m:?[0;39m Started UserControllerTest in 0.775 seconds (JVM running for 6.878)
?[2m2022-05-08 22:13:13.815?[0;39m ?[32m INFO?[0;39m ?[35m1210794?[0;39m ?[2m---?[0;39m ?[2m[    Test worker]?[0;39m ?[36mc.i.b.a.controller.UserController       ?[0;39m ?[2m:?[0;39m UserDto(dni=77839627Z, name=Jesús Ángel, surnames=Saorín Saorín, user=jesusangel93, password=passwordsegura)
]]></system-out>
  <system-err><![CDATA[]]></system-err>
</testsuite>
