<?xml version="1.0" encoding="UTF-8"?>
<testsuite name="com.iobuilders.bankapi.application.WalletControllerTest" tests="9" skipped="0" failures="0" errors="0" timestamp="2022-05-08T20:13:14" hostname="SCMADLL026" time="0.063">
  <properties/>
  <testcase name="transferOk()" classname="com.iobuilders.bankapi.application.WalletControllerTest" time="0.011"/>
  <testcase name="getHistoryWalletTestException()" classname="com.iobuilders.bankapi.application.WalletControllerTest" time="0.006"/>
  <testcase name="transferException()" classname="com.iobuilders.bankapi.application.WalletControllerTest" time="0.005"/>
  <testcase name="testLogin()" classname="com.iobuilders.bankapi.application.WalletControllerTest" time="0.004"/>
  <testcase name="depositTest()" classname="com.iobuilders.bankapi.application.WalletControllerTest" time="0.006"/>
  <testcase name="createWalletTest()" classname="com.iobuilders.bankapi.application.WalletControllerTest" time="0.004"/>
  <testcase name="depositTestOk()" classname="com.iobuilders.bankapi.application.WalletControllerTest" time="0.006"/>
  <testcase name="getHistoryWalletTestOk()" classname="com.iobuilders.bankapi.application.WalletControllerTest" time="0.005"/>
  <testcase name="createWalletException()" classname="com.iobuilders.bankapi.application.WalletControllerTest" time="0.004"/>
  <system-out><![CDATA[?[2m2022-05-08 22:13:13.824?[0;39m ?[32m INFO?[0;39m ?[35m1210794?[0;39m ?[2m---?[0;39m ?[2m[    Test worker]?[0;39m ?[36m.b.t.c.SpringBootTestContextBootstrapper?[0;39m ?[2m:?[0;39m Neither @ContextConfiguration nor @ContextHierarchy found for test class [com.iobuilders.bankapi.application.WalletControllerTest], using SpringBootContextLoader
?[2m2022-05-08 22:13:13.825?[0;39m ?[32m INFO?[0;39m ?[35m1210794?[0;39m ?[2m---?[0;39m ?[2m[    Test worker]?[0;39m ?[36mo.s.t.c.support.AbstractContextLoader   ?[0;39m ?[2m:?[0;39m Could not detect default resource locations for test class [com.iobuilders.bankapi.application.WalletControllerTest]: no resource found for suffixes {-context.xml, Context.groovy}.
?[2m2022-05-08 22:13:13.825?[0;39m ?[32m INFO?[0;39m ?[35m1210794?[0;39m ?[2m---?[0;39m ?[2m[    Test worker]?[0;39m ?[36mt.c.s.AnnotationConfigContextLoaderUtils?[0;39m ?[2m:?[0;39m Could not detect default configuration classes for test class [com.iobuilders.bankapi.application.WalletControllerTest]: WalletControllerTest does not declare any static, non-private, non-final, nested classes annotated with @Configuration.
?[2m2022-05-08 22:13:13.827?[0;39m ?[32m INFO?[0;39m ?[35m1210794?[0;39m ?[2m---?[0;39m ?[2m[    Test worker]?[0;39m ?[36m.b.t.c.SpringBootTestContextBootstrapper?[0;39m ?[2m:?[0;39m Found @SpringBootConfiguration com.iobuilders.bankapi.BankapiApplication for test class com.iobuilders.bankapi.application.WalletControllerTest
?[2m2022-05-08 22:13:13.828?[0;39m ?[32m INFO?[0;39m ?[35m1210794?[0;39m ?[2m---?[0;39m ?[2m[    Test worker]?[0;39m ?[36m.b.t.c.SpringBootTestContextBootstrapper?[0;39m ?[2m:?[0;39m Loaded default TestExecutionListener class names from location [META-INF/spring.factories]: [org.springframework.boot.test.autoconfigure.restdocs.RestDocsTestExecutionListener, org.springframework.boot.test.autoconfigure.web.client.MockRestServiceServerResetTestExecutionListener, org.springframework.boot.test.autoconfigure.web.servlet.MockMvcPrintOnlyOnFailureTestExecutionListener, org.springframework.boot.test.autoconfigure.web.servlet.WebDriverTestExecutionListener, org.springframework.boot.test.autoconfigure.webservices.client.MockWebServiceServerTestExecutionListener, org.springframework.boot.test.mock.mockito.MockitoTestExecutionListener, org.springframework.boot.test.mock.mockito.ResetMocksTestExecutionListener, org.springframework.test.context.web.ServletTestExecutionListener, org.springframework.test.context.support.DirtiesContextBeforeModesTestExecutionListener, org.springframework.test.context.event.ApplicationEventsTestExecutionListener, org.springframework.test.context.support.DependencyInjectionTestExecutionListener, org.springframework.test.context.support.DirtiesContextTestExecutionListener, org.springframework.test.context.transaction.TransactionalTestExecutionListener, org.springframework.test.context.jdbc.SqlScriptsTestExecutionListener, org.springframework.test.context.event.EventPublishingTestExecutionListener]
?[2m2022-05-08 22:13:13.828?[0;39m ?[32m INFO?[0;39m ?[35m1210794?[0;39m ?[2m---?[0;39m ?[2m[    Test worker]?[0;39m ?[36m.b.t.c.SpringBootTestContextBootstrapper?[0;39m ?[2m:?[0;39m Using TestExecutionListeners: [org.springframework.test.context.web.ServletTestExecutionListener@611ffa8d, org.springframework.test.context.support.DirtiesContextBeforeModesTestExecutionListener@45f32b12, org.springframework.test.context.event.ApplicationEventsTestExecutionListener@54dc163a, org.springframework.boot.test.mock.mockito.MockitoTestExecutionListener@5bbeb9e3, org.springframework.boot.test.autoconfigure.SpringBootDependencyInjectionTestExecutionListener@456beb8b, org.springframework.test.context.support.DirtiesContextTestExecutionListener@191cf38f, org.springframework.test.context.transaction.TransactionalTestExecutionListener@2dc54b50, org.springframework.test.context.jdbc.SqlScriptsTestExecutionListener@31a9eaa, org.springframework.test.context.event.EventPublishingTestExecutionListener@19370af1, org.springframework.boot.test.autoconfigure.restdocs.RestDocsTestExecutionListener@67c912d3, org.springframework.boot.test.autoconfigure.web.client.MockRestServiceServerResetTestExecutionListener@60515ab1, org.springframework.boot.test.autoconfigure.web.servlet.MockMvcPrintOnlyOnFailureTestExecutionListener@37e967df, org.springframework.boot.test.autoconfigure.web.servlet.WebDriverTestExecutionListener@16a89351, org.springframework.boot.test.autoconfigure.webservices.client.MockWebServiceServerTestExecutionListener@395854dd, org.springframework.boot.test.mock.mockito.ResetMocksTestExecutionListener@53b60595]

  .   ____          _            __ _ _
 /\\ / ___'_ __ _ _(_)_ __  __ _ \ \ \ \
( ( )\___ | '_ | '_| | '_ \/ _` | \ \ \ \
 \\/  ___)| |_)| | | | | || (_| |  ) ) ) )
  '  |____| .__|_| |_|_| |_\__, | / / / /
 =========|_|==============|___/=/_/_/_/
?[32m :: Spring Boot :: ?[39m              ?[2m (v2.6.7)?[0;39m

?[2m2022-05-08 22:13:13.851?[0;39m ?[32m INFO?[0;39m ?[35m1210794?[0;39m ?[2m---?[0;39m ?[2m[    Test worker]?[0;39m ?[36mc.i.b.application.WalletControllerTest  ?[0;39m ?[2m:?[0;39m Starting WalletControllerTest using Java 17.0.1 on SCMADLL026 with PID 1210794 (started by jsaorin in /home/jsaorin/Escritorio/bankapi)
?[2m2022-05-08 22:13:13.851?[0;39m ?[32m INFO?[0;39m ?[35m1210794?[0;39m ?[2m---?[0;39m ?[2m[    Test worker]?[0;39m ?[36mc.i.b.application.WalletControllerTest  ?[0;39m ?[2m:?[0;39m No active profile set, falling back to 1 default profile: "default"
?[2m2022-05-08 22:13:13.979?[0;39m ?[32m INFO?[0;39m ?[35m1210794?[0;39m ?[2m---?[0;39m ?[2m[    Test worker]?[0;39m ?[36m.s.d.r.c.RepositoryConfigurationDelegate?[0;39m ?[2m:?[0;39m Bootstrapping Spring Data JPA repositories in DEFAULT mode.
?[2m2022-05-08 22:13:13.990?[0;39m ?[32m INFO?[0;39m ?[35m1210794?[0;39m ?[2m---?[0;39m ?[2m[    Test worker]?[0;39m ?[36m.s.d.r.c.RepositoryConfigurationDelegate?[0;39m ?[2m:?[0;39m Finished Spring Data repository scanning in 11 ms. Found 3 JPA repository interfaces.
?[2m2022-05-08 22:13:14.135?[0;39m ?[32m INFO?[0;39m ?[35m1210794?[0;39m ?[2m---?[0;39m ?[2m[    Test worker]?[0;39m ?[36mo.hibernate.jpa.internal.util.LogHelper ?[0;39m ?[2m:?[0;39m HHH000204: Processing PersistenceUnitInfo [name: default]
?[2m2022-05-08 22:13:14.139?[0;39m ?[32m INFO?[0;39m ?[35m1210794?[0;39m ?[2m---?[0;39m ?[2m[    Test worker]?[0;39m ?[36mcom.zaxxer.hikari.HikariDataSource      ?[0;39m ?[2m:?[0;39m HikariPool-3 - Starting...
?[2m2022-05-08 22:13:14.142?[0;39m ?[32m INFO?[0;39m ?[35m1210794?[0;39m ?[2m---?[0;39m ?[2m[    Test worker]?[0;39m ?[36mcom.zaxxer.hikari.HikariDataSource      ?[0;39m ?[2m:?[0;39m HikariPool-3 - Start completed.
?[2m2022-05-08 22:13:14.142?[0;39m ?[32m INFO?[0;39m ?[35m1210794?[0;39m ?[2m---?[0;39m ?[2m[    Test worker]?[0;39m ?[36morg.hibernate.dialect.Dialect           ?[0;39m ?[2m:?[0;39m HHH000400: Using dialect: org.hibernate.dialect.H2Dialect
?[2m2022-05-08 22:13:14.215?[0;39m ?[32m INFO?[0;39m ?[35m1210794?[0;39m ?[2m---?[0;39m ?[2m[    Test worker]?[0;39m ?[36mo.h.e.t.j.p.i.JtaPlatformInitiator      ?[0;39m ?[2m:?[0;39m HHH000490: Using JtaPlatform implementation: [org.hibernate.engine.transaction.jta.platform.internal.NoJtaPlatform]
?[2m2022-05-08 22:13:14.215?[0;39m ?[32m INFO?[0;39m ?[35m1210794?[0;39m ?[2m---?[0;39m ?[2m[    Test worker]?[0;39m ?[36mj.LocalContainerEntityManagerFactoryBean?[0;39m ?[2m:?[0;39m Initialized JPA EntityManagerFactory for persistence unit 'default'
?[2m2022-05-08 22:13:14.368?[0;39m ?[33m WARN?[0;39m ?[35m1210794?[0;39m ?[2m---?[0;39m ?[2m[    Test worker]?[0;39m ?[36mJpaBaseConfiguration$JpaWebConfiguration?[0;39m ?[2m:?[0;39m spring.jpa.open-in-view is enabled by default. Therefore, database queries may be performed during view rendering. Explicitly configure spring.jpa.open-in-view to disable this warning
?[2m2022-05-08 22:13:14.498?[0;39m ?[32m INFO?[0;39m ?[35m1210794?[0;39m ?[2m---?[0;39m ?[2m[    Test worker]?[0;39m ?[36mo.s.b.a.h2.H2ConsoleAutoConfiguration   ?[0;39m ?[2m:?[0;39m H2 console available at '/h2-console'. Database available at 'jdbc:h2:mem:testdb'
?[2m2022-05-08 22:13:14.666?[0;39m ?[32m INFO?[0;39m ?[35m1210794?[0;39m ?[2m---?[0;39m ?[2m[    Test worker]?[0;39m ?[36mc.i.b.application.WalletControllerTest  ?[0;39m ?[2m:?[0;39m Started WalletControllerTest in 0.836 seconds (JVM running for 7.75)
]]></system-out>
  <system-err><![CDATA[]]></system-err>
</testsuite>
